<?xml version="1.0" encoding="UTF-8"?>
<!-- Generated by org.testng.reporters.JUnitReportReporter -->
<testsuite hostname="SrinivasSandaveni" failures="0" tests="1" name="com.pom.testcases.LandingpageTest" time="12.660" errors="0" timestamp="2022-04-22T14:37:56 IST" skipped="0">
  <testcase classname="com.pom.testcases.LandingpageTest" name="beforeloginTest" time="12.660"/>
  <system-out/>
</testsuite> <!-- com.pom.testcases.LandingpageTest -->
