<?xml version="1.0" encoding="UTF-8"?>
<!-- Generated by org.testng.reporters.JUnitReportReporter -->
<testsuite hostname="SrinivasSandaveni" failures="0" tests="1" name="com.pom.testcases.LoginpageTest" time="31.776" errors="0" timestamp="2022-04-22T14:40:55 IST" skipped="0">
  <testcase classname="com.pom.testcases.LoginpageTest" name="loginTest" time="31.776"/>
  <system-out/>
</testsuite> <!-- com.pom.testcases.LoginpageTest -->
